<?xml version="1.0" encoding="UTF-8"?>
<testsuite xmlns:xsi="http://www.w3.org/2001/XMLSchema-instance" xsi:noNamespaceSchemaLocation="https://maven.apache.org/surefire/maven-surefire-plugin/xsd/surefire-test-report.xsd" version="3.0.2" name="com.tarun.HospitalManagement.HospitalManagementApplicationTests" time="7.758" tests="1" errors="0" skipped="0" failures="0" flakes="0">
  <properties>
[...]
</properties>
  <testcase name="contextLoads" classname="com.tarun.HospitalManagement.HospitalManagementApplicationTests" time="0.329">
    <system-out><![CDATA[10:35:46.160 [main] INFO org.springframework.test.context.support.AnnotationConfigContextLoaderUtils -- Could not detect default configuration classes for test class [com.tarun.HospitalManagement.HospitalManagementApplicationTests]: HospitalManagementApplicationTests does not declare any static, non-private, non-final, nested classes annotated with @Configuration.
10:35:46.268 [main] INFO org.springframework.boot.test.context.SpringBootTestContextBootstrapper -- Found @SpringBootConfiguration com.tarun.HospitalManagement.HospitalManagementApplication for test class com.tarun.HospitalManagement.HospitalManagementApplicationTests
10:35:46.358 [main] INFO org.springframework.test.context.support.AnnotationConfigContextLoaderUtils -- Could not detect default configuration classes for test class [com.tarun.HospitalManagement.HospitalManagementApplicationTests]: HospitalManagementApplicationTests does not declare any static, non-private, non-final, nested classes annotated with @Configuration.
10:35:46.366 [main] INFO org.springframework.boot.test.context.SpringBootTestContextBootstrapper -- Found @SpringBootConfiguration com.tarun.HospitalManagement.HospitalManagementApplication for test class com.tarun.HospitalManagement.HospitalManagementApplicationTests

  .   ____          _            __ _ _
 /\\ / ___'_ __ _ _(_)_ __  __ _ \ \ \ \
( ( )\___ | '_ | '_| | '_ \/ _` | \ \ \ \
 \\/  ___)| |_)| | | | | || (_| |  ) ) ) )
  '  |____| .__|_| |_|_| |_\__, | / / / /
 =========|_|==============|___/=/_/_/_/

 :: Spring Boot ::                (v4.0.5)

2026-07-24T10:35:46.669+05:30  INFO 4592 --- [HospitalManagement] [           main] c.t.H.HospitalManagementApplicationTests : Starting HospitalManagementApplicationTests using Java 17.0.12 with PID 4592 (started by ktaru in C:\Users\ktaru\OneDrive\Desktop\HospitalManagement\HospitalManagement)
2026-07-24T10:35:46.670+05:30  INFO 4592 --- [HospitalManagement] [           main] c.t.H.HospitalManagementApplicationTests : No active profile set, falling back to 1 default profile: "default"
2026-07-24T10:35:47.541+05:30  INFO 4592 --- [HospitalManagement] [           main] .s.d.r.c.RepositoryConfigurationDelegate : Bootstrapping Spring Data JPA repositories in DEFAULT mode.
2026-07-24T10:35:47.631+05:30  INFO 4592 --- [HospitalManagement] [           main] .s.d.r.c.RepositoryConfigurationDelegate : Finished Spring Data repository scanning in 70 ms. Found 5 JPA repository interfaces.
2026-07-24T10:35:48.160+05:30  INFO 4592 --- [HospitalManagement] [           main] org.hibernate.orm.jpa                    : HHH008540: Processing PersistenceUnitInfo [name: default]
2026-07-24T10:35:48.217+05:30  INFO 4592 --- [HospitalManagement] [           main] org.hibernate.orm.core                   : HHH000001: Hibernate ORM core version 7.2.7.Final
2026-07-24T10:35:48.824+05:30  INFO 4592 --- [HospitalManagement] [           main] o.s.o.j.p.SpringPersistenceUnitInfo      : No LoadTimeWeaver setup: ignoring JPA class transformer
2026-07-24T10:35:48.877+05:30  INFO 4592 --- [HospitalManagement] [           main] com.zaxxer.hikari.HikariDataSource       : HikariPool-1 - Starting...
2026-07-24T10:35:49.094+05:30  INFO 4592 --- [HospitalManagement] [           main] com.zaxxer.hikari.pool.HikariPool        : HikariPool-1 - Added connection org.postgresql.jdbc.PgConnection@718d6b7c
2026-07-24T10:35:49.102+05:30  INFO 4592 --- [HospitalManagement] [           main] com.zaxxer.hikari.HikariDataSource       : HikariPool-1 - Start completed.
2026-07-24T10:35:49.173+05:30  INFO 4592 --- [HospitalManagement] [           main] org.hibernate.orm.connections.pooling    : HHH10001005: Database info:
	Database JDBC URL [jdbc:postgresql://localhost:5432/postgres]
	Database driver: PostgreSQL JDBC Driver
	Database dialect: PostgreSQLDialect
	Database version: 18.1
	Default catalog/schema: postgres/public
	Autocommit mode: undefined/unknown
	Isolation level: READ_COMMITTED [default READ_COMMITTED]
	JDBC fetch size: none
	Pool: DataSourceConnectionProvider
	Minimum pool size: undefined/unknown
	Maximum pool size: undefined/unknown
2026-07-24T10:35:50.180+05:30  INFO 4592 --- [HospitalManagement] [           main] org.hibernate.orm.core                   : HHH000489: No JTA platform available (set 'hibernate.transaction.jta.platform' to enable JTA platform integration)
Hibernate: set client_min_messages = WARNING
Hibernate: alter table if exists appointment drop constraint if exists FKoeb98n82eph1dx43v3y2bcmsl
Hibernate: alter table if exists appointment drop constraint if exists FK4apif2ewfyf14077ichee8g06
Hibernate: alter table if exists department drop constraint if exists FKbhs1ttalkpk5ugg8s6v6tfnbh
Hibernate: alter table if exists department_doctor drop constraint if exists FKqat0odptka2ltxf862t1fi1ii
Hibernate: alter table if exists department_doctor drop constraint if exists FKcqytwpy80ylr3l3nd08s5i952
Hibernate: alter table if exists patient drop constraint if exists FKkivfb7y0wti16f30erw48cjfi
Hibernate: drop table if exists appointment cascade
Hibernate: drop table if exists department cascade
Hibernate: drop table if exists department_doctor cascade
Hibernate: drop table if exists doctor cascade
Hibernate: drop table if exists insurance cascade
Hibernate: drop table if exists patient cascade
Hibernate: create table appointment (appointment_time timestamp(6) not null, doctor_id bigint not null, id bigint generated by default as identity, patient_id bigint not null, reason varchar(500), primary key (id))
Hibernate: create table department (head_doctor_id bigint unique, id bigint generated by default as identity, name varchar(100) not null unique, primary key (id))
Hibernate: create table department_doctor (department_id bigint not null, doctor_id bigint not null, primary key (department_id, doctor_id))
Hibernate: create table doctor (id bigint generated by default as identity, email varchar(100) not null unique, name varchar(100) not null, specialization varchar(100), primary key (id))
Hibernate: create table insurance (created_at date not null, valid_until date not null, id bigint generated by default as identity, policy_number varchar(50) not null unique, provider varchar(300) not null, primary key (id))
Hibernate: create table patient (birth_date date, created_at timestamp(6) not null, id bigint generated by default as identity, insurance_id bigint unique, patient_name varchar(40) not null, blood_group varchar(255) check ((blood_group in ('A_Pos','A_Neg','B_Pos','B_Neg','AB_Pos','AB_Neg','O_Pos','O_Neg'))), email varchar(255) not null unique, gender varchar(255), primary key (id))
Hibernate: alter table if exists appointment add constraint FKoeb98n82eph1dx43v3y2bcmsl foreign key (doctor_id) references doctor
Hibernate: alter table if exists appointment add constraint FK4apif2ewfyf14077ichee8g06 foreign key (patient_id) references patient
Hibernate: alter table if exists department add constraint FKbhs1ttalkpk5ugg8s6v6tfnbh foreign key (head_doctor_id) references doctor
Hibernate: alter table if exists department_doctor add constraint FKqat0odptka2ltxf862t1fi1ii foreign key (doctor_id) references doctor
Hibernate: alter table if exists department_doctor add constraint FKcqytwpy80ylr3l3nd08s5i952 foreign key (department_id) references department
Hibernate: alter table if exists patient add constraint FKkivfb7y0wti16f30erw48cjfi foreign key (insurance_id) references insurance
2026-07-24T10:35:50.317+05:30  INFO 4592 --- [HospitalManagement] [           main] j.LocalContainerEntityManagerFactoryBean : Initialized JPA EntityManagerFactory for persistence unit 'default'
2026-07-24T10:35:50.435+05:30  INFO 4592 --- [HospitalManagement] [           main] o.s.d.j.r.query.QueryEnhancerFactories   : Hibernate is in classpath; If applicable, HQL parser will be used.
2026-07-24T10:35:51.924+05:30  WARN 4592 --- [HospitalManagement] [           main] JpaBaseConfiguration$JpaWebConfiguration : spring.jpa.open-in-view is enabled by default. Therefore, database queries may be performed during view rendering. Explicitly configure spring.jpa.open-in-view to disable this warning
2026-07-24T10:35:52.101+05:30  INFO 4592 --- [HospitalManagement] [           main] r$InitializeUserDetailsManagerConfigurer : Global AuthenticationManager configured with UserDetailsService bean with name userDetailsService
2026-07-24T10:35:52.508+05:30  INFO 4592 --- [HospitalManagement] [           main] o.s.v.b.OptionalValidatorFactoryBean     : Failed to set up a Bean Validation provider: jakarta.validation.NoProviderFoundException: Unable to create a Configuration, because no Jakarta Validation provider could be found. Add a provider like Hibernate Validator (RI) to your classpath.
2026-07-24T10:35:53.344+05:30  INFO 4592 --- [HospitalManagement] [           main] c.t.H.HospitalManagementApplicationTests : Started HospitalManagementApplicationTests in 6.92 seconds (process running for 8.031)
]]></system-out>
  </testcase>
</testsuite>